demox/build/intermediates/manifest_merge_blame_file/debug/manifest-merger-blame-debug-report.txt
1<?xml version="1.0" encoding="utf-8"?>
2<manifest xmlns:android="http://schemas.android.com/apk/res/android"
3    package="cn.thinkingdata.android.demo"
4    android:versionCode="1"
5    android:versionName="1.0" >
6
7    <uses-sdk
8        android:minSdkVersion="21"
8-->src/main/AndroidManifest.xml
9        android:targetSdkVersion="29" />
9-->src/main/AndroidManifest.xml
10    <!-- To access Google+ APIs: -->
11    <uses-permission android:name="android.permission.INTERNET" />
11-->src/main/AndroidManifest.xml:6:5-67
11-->src/main/AndroidManifest.xml:6:22-64
12    <uses-permission android:name="android.permission.ACCESS_NETWORK_STATE" />
12-->src/main/AndroidManifest.xml:7:5-79
12-->src/main/AndroidManifest.xml:7:22-76
13    <uses-permission android:name="android.permission.ACCESS_WIFI_STATE" />
13-->src/main/AndroidManifest.xml:8:5-76
13-->src/main/AndroidManifest.xml:8:22-73
14    <uses-permission android:name="android.permission.READ_PHONE_STATE" />
14-->src/main/AndroidManifest.xml:9:5-75
14-->src/main/AndroidManifest.xml:9:22-72
15    <uses-permission android:name="com.asus.msa.SupplementaryDID.ACCESS" />
15-->[oaid_sdk_1.0.23.aar] AndroidManifest.xml:13:5-76
15-->[oaid_sdk_1.0.23.aar] AndroidManifest.xml:13:22-73
16    <uses-permission android:name="freemme.permission.msa" />
16-->[oaid_sdk_1.0.23.aar] AndroidManifest.xml:15:5-62
16-->[oaid_sdk_1.0.23.aar] AndroidManifest.xml:15:22-59
17
18    <application
18-->src/main/AndroidManifest.xml:11:5-68:19
19        android:name="cn.thinkingdata.android.demo.DemoApplication"
19-->src/main/AndroidManifest.xml:12:9-40
20        android:allowBackup="true"
20-->src/main/AndroidManifest.xml:13:9-35
21        android:appComponentFactory="androidx.core.app.CoreComponentFactory"
21-->[androidx.core:core:1.0.1] AndroidManifest.xml:22:18-86
22        android:debuggable="true"
23        android:icon="@mipmap/ic_launcher"
23-->src/main/AndroidManifest.xml:14:9-43
24        android:label="@string/app_name"
24-->src/main/AndroidManifest.xml:15:9-41
25        android:roundIcon="@mipmap/ic_launcher_round"
25-->src/main/AndroidManifest.xml:16:9-54
26        android:supportsRtl="true"
26-->src/main/AndroidManifest.xml:17:9-35
27        android:theme="@style/AppTheme" >
27-->src/main/AndroidManifest.xml:18:9-40
28        <activity
28-->src/main/AndroidManifest.xml:21:9-24:59
29            android:name="cn.thinkingdata.android.demo.ClickTestActivity"
29-->src/main/AndroidManifest.xml:22:13-46
30            android:label="@string/title_activity_click_test"
30-->src/main/AndroidManifest.xml:23:13-62
31            android:theme="@style/AppTheme.NoActionBar" />
31-->src/main/AndroidManifest.xml:24:13-56
32        <activity
32-->src/main/AndroidManifest.xml:26:9-29:59
33            android:name="cn.thinkingdata.android.demo.WebViewActivity"
33-->src/main/AndroidManifest.xml:27:13-44
34            android:label="@string/title_activity_webview"
34-->src/main/AndroidManifest.xml:28:13-59
35            android:theme="@style/AppTheme.NoActionBar" />
35-->src/main/AndroidManifest.xml:29:13-56
36
37        <!-- 打开调试日志 -->
38        <meta-data
38-->src/main/AndroidManifest.xml:32:9-34:36
39            android:name="cn.dataeye.android.EnableTrackLogging"
39-->src/main/AndroidManifest.xml:33:13-65
40            android:value="true" />
40-->src/main/AndroidManifest.xml:34:13-33
41
42        <!-- 设置数据库大小下限(默认 32 M) -->
43        <meta-data
43-->src/main/AndroidManifest.xml:37:9-39:34
44            android:name="cn.dataeye.android.MinimumDatabaseLimit"
44-->src/main/AndroidManifest.xml:38:13-67
45            android:value="16" />
45-->src/main/AndroidManifest.xml:39:13-31
46
47        <!-- 设置缓存数据保留天数(默认 15 天) -->
48        <meta-data
48-->src/main/AndroidManifest.xml:42:9-44:33
49            android:name="cn.dataeye.android.RetentionDays"
49-->src/main/AndroidManifest.xml:43:13-60
50            android:value="7" />
50-->src/main/AndroidManifest.xml:44:13-30
51
52        <!-- 允许安全退出服务(默认为 true) -->
53        <meta-data
53-->src/main/AndroidManifest.xml:47:9-49:37
54            android:name="cn.dataeye.android.EnableQuitSafely"
54-->src/main/AndroidManifest.xml:48:13-63
55            android:value="false" />
55-->src/main/AndroidManifest.xml:49:13-34
56
57        <!-- 开启安全退出服务时，等待每个线程（缓存, 网络）退出超时时长，默认 2000 ms -->
58        <meta-data
58-->src/main/AndroidManifest.xml:52:9-54:36
59            android:name="cn.dataeye.android.QuitSafelyTimeout"
59-->src/main/AndroidManifest.xml:53:13-64
60            android:value="1000" />
60-->src/main/AndroidManifest.xml:54:13-33
61
62        <activity
62-->src/main/AndroidManifest.xml:56:9-59:58
63            android:name="cn.thinkingdata.android.demo.DisplayActivity"
63-->src/main/AndroidManifest.xml:57:13-44
64            android:label="@string/title_activity_display"
64-->src/main/AndroidManifest.xml:58:13-59
65            android:parentActivityName="cn.thinkingdata.android.demo.MainActivity" />
65-->src/main/AndroidManifest.xml:59:13-55
66        <activity android:name="cn.thinkingdata.android.demo.MainActivity" >
66-->src/main/AndroidManifest.xml:61:9-67:20
66-->src/main/AndroidManifest.xml:61:19-47
67            <intent-filter>
67-->src/main/AndroidManifest.xml:62:13-66:29
68                <action android:name="android.intent.action.MAIN" />
68-->src/main/AndroidManifest.xml:63:17-69
68-->src/main/AndroidManifest.xml:63:25-66
69
70                <category android:name="android.intent.category.LAUNCHER" />
70-->src/main/AndroidManifest.xml:65:17-77
70-->src/main/AndroidManifest.xml:65:27-74
71            </intent-filter>
72        </activity>
73
74        <meta-data
74-->[:thinkingsdk] AndroidManifest.xml:18:9-20:48
75            android:name="cn.dataeye.android.MainProcessName"
75-->[:thinkingsdk] AndroidManifest.xml:19:13-62
76            android:value="cn.thinkingdata.android.demo" />
76-->[:thinkingsdk] AndroidManifest.xml:20:13-45
77
78        <service
78-->[:thinkingsdk] AndroidManifest.xml:22:9-25:44
79            android:name="cn.dataeye.android.DataEyeQuitSafelyService$DataEyeKeepAliveService"
79-->[:thinkingsdk] AndroidManifest.xml:23:13-95
80            android:exported="false"
80-->[:thinkingsdk] AndroidManifest.xml:24:13-37
81            android:stopWithTask="false" />
81-->[:thinkingsdk] AndroidManifest.xml:25:13-41
82    </application>
83
84</manifest>